This is pdfTeX, Version 3.14159265-2.6-1.40.21 (TeX Live 2020/W32TeX) (preloaded format=latex 2020.12.17)  8 MAR 2021 18:29
entering extended mode
 restricted \write18 enabled.
 %&-line parsing enabled.
**C:/Users/FYRE_E~1/AppData/Local/Temp/dot2texd7ia146x/dot2tex.tex

! Emergency stop.
<to be read again> 
                   \protect 
<*> C:/Users/FYRE_E~
                    1/AppData/Local/Temp/dot2texd7ia146x/dot2tex.tex
*** (job aborted, file error in nonstop mode)

 
Here is how much of TeX's memory you used:
 4 strings out of 480609
 117 string characters out of 5899705
 239601 words of memory out of 5000000
 15998 multiletter control sequences out of 15000+600000
 532338 words of font info for 24 fonts, out of 8000000 for 9000
 1141 hyphenation exceptions out of 8191
 3i,0n,0p,1b,6s stack positions out of 5000i,500n,10000p,200000b,80000s
No pages of output.
